2026-06-06T20:20:46.215Z jwtUtilLoaded {"jwtSecretConfigured":true,"jwtRefreshSecretConfigured":true}
2026-06-06T20:21:34.450Z jwtUtilLoaded {"jwtSecretConfigured":true,"jwtRefreshSecretConfigured":true}
2026-06-06T20:22:52.236Z jwtUtilLoaded {"jwtSecretConfigured":true,"jwtRefreshSecretConfigured":true}
2026-06-06T20:23:50.584Z jwtUtilLoaded {"jwtSecretConfigured":true,"jwtRefreshSecretConfigured":true}
2026-06-06T20:32:45.660Z jwtUtilLoaded {"jwtSecretConfigured":true,"jwtRefreshSecretConfigured":true}
2026-06-07T04:32:10.212Z jwtUtilLoaded {"jwtSecretConfigured":true,"jwtRefreshSecretConfigured":true}
2026-06-07T04:32:50.503Z getJwtSecret {"jwtSecretConfigured":true,"jwtSecretValue":"your_super"}
2026-06-07T04:32:50.513Z getJwtRefreshSecret {"jwtRefreshSecretConfigured":true,"jwtRefreshSecretValue":"your_super"}
2026-06-07T04:42:22.985Z getJwtSecret {"jwtSecretConfigured":true,"jwtSecretValue":"your_super"}
2026-06-07T04:42:22.989Z getJwtRefreshSecret {"jwtRefreshSecretConfigured":true,"jwtRefreshSecretValue":"your_super"}
2026-06-07T04:50:26.755Z getJwtSecret {"jwtSecretConfigured":true,"jwtSecretValue":"your_super"}
2026-06-07T04:50:26.759Z getJwtRefreshSecret {"jwtRefreshSecretConfigured":true,"jwtRefreshSecretValue":"your_super"}
2026-06-07T04:54:36.530Z getJwtSecret {"jwtSecretConfigured":true,"jwtSecretValue":"your_super"}
2026-06-07T04:54:36.532Z getJwtRefreshSecret {"jwtRefreshSecretConfigured":true,"jwtRefreshSecretValue":"your_super"}
2026-06-07T04:57:56.458Z getJwtSecret {"jwtSecretConfigured":true,"jwtSecretValue":"your_super"}
2026-06-07T04:57:56.461Z getJwtRefreshSecret {"jwtRefreshSecretConfigured":true,"jwtRefreshSecretValue":"your_super"}
2026-06-07T05:04:12.137Z getJwtSecret {"jwtSecretConfigured":true,"jwtSecretValue":"your_super"}
2026-06-07T05:04:12.139Z getJwtRefreshSecret {"jwtRefreshSecretConfigured":true,"jwtRefreshSecretValue":"your_super"}
2026-06-07T05:05:38.439Z jwtUtilLoaded {"jwtSecretConfigured":true,"jwtRefreshSecretConfigured":true}
2026-06-07T19:30:05.374Z jwtUtilLoaded {"jwtSecretConfigured":true,"jwtRefreshSecretConfigured":true}
2026-06-07T19:43:27.362Z getJwtSecret {"jwtSecretConfigured":true,"jwtSecretValue":"your_super"}
2026-06-07T19:43:27.388Z getJwtRefreshSecret {"jwtRefreshSecretConfigured":true,"jwtRefreshSecretValue":"your_super"}
2026-06-07T19:43:46.631Z getJwtSecret {"jwtSecretConfigured":true,"jwtSecretValue":"your_super"}
2026-06-07T19:43:46.638Z getJwtRefreshSecret {"jwtRefreshSecretConfigured":true,"jwtRefreshSecretValue":"your_super"}
2026-06-07T19:44:41.057Z getJwtSecret {"jwtSecretConfigured":true,"jwtSecretValue":"your_super"}
2026-06-07T19:44:41.064Z getJwtRefreshSecret {"jwtRefreshSecretConfigured":true,"jwtRefreshSecretValue":"your_super"}
<<<<<<< HEAD
2026-06-07T21:28:08.378Z jwtUtilLoaded {"jwtSecretConfigured":true,"jwtRefreshSecretConfigured":true}
2026-06-07T21:31:59.279Z getJwtSecret {"jwtSecretConfigured":true,"jwtSecretValue":"super_key"}
2026-06-07T21:31:59.300Z getJwtRefreshSecret {"jwtRefreshSecretConfigured":true,"jwtRefreshSecretValue":"super_key_"}
2026-06-08T09:20:02.279Z jwtUtilLoaded {"jwtSecretConfigured":true,"jwtRefreshSecretConfigured":true}
2026-06-08T09:21:41.021Z getJwtSecret {"jwtSecretConfigured":true,"jwtSecretValue":"super_key"}
2026-06-08T09:21:41.032Z getJwtRefreshSecret {"jwtRefreshSecretConfigured":true,"jwtRefreshSecretValue":"super_key_"}
2026-06-08T09:22:35.326Z getJwtSecret {"jwtSecretConfigured":true,"jwtSecretValue":"super_key"}
2026-06-08T09:22:35.329Z getJwtRefreshSecret {"jwtRefreshSecretConfigured":true,"jwtRefreshSecretValue":"super_key_"}
2026-06-08T15:57:09.635Z jwtUtilLoaded {"jwtSecretConfigured":true,"jwtRefreshSecretConfigured":true}
2026-06-08T16:01:54.457Z getJwtSecret {"jwtSecretConfigured":true,"jwtSecretValue":"super_key"}
2026-06-08T16:01:54.481Z getJwtRefreshSecret {"jwtRefreshSecretConfigured":true,"jwtRefreshSecretValue":"super_key_"}
=======
2026-06-08T07:56:56.063Z jwtUtilLoaded {"jwtSecretConfigured":true,"jwtRefreshSecretConfigured":true}
2026-06-08T07:57:37.858Z getJwtSecret {"jwtSecretConfigured":true,"jwtSecretValue":"your_super"}
2026-06-08T07:57:37.864Z getJwtRefreshSecret {"jwtRefreshSecretConfigured":true,"jwtRefreshSecretValue":"your_super"}
2026-06-08T07:58:42.114Z getJwtSecret {"jwtSecretConfigured":true,"jwtSecretValue":"your_super"}
2026-06-08T07:58:42.126Z getJwtRefreshSecret {"jwtRefreshSecretConfigured":true,"jwtRefreshSecretValue":"your_super"}
2026-06-08T08:18:55.386Z getJwtSecret {"jwtSecretConfigured":true,"jwtSecretValue":"your_super"}
2026-06-08T08:18:55.392Z getJwtRefreshSecret {"jwtRefreshSecretConfigured":true,"jwtRefreshSecretValue":"your_super"}
2026-06-08T08:20:50.761Z getJwtSecret {"jwtSecretConfigured":true,"jwtSecretValue":"your_super"}
2026-06-08T08:20:50.767Z getJwtRefreshSecret {"jwtRefreshSecretConfigured":true,"jwtRefreshSecretValue":"your_super"}
2026-06-08T08:22:40.775Z getJwtSecret {"jwtSecretConfigured":true,"jwtSecretValue":"your_super"}
2026-06-08T08:22:40.780Z getJwtRefreshSecret {"jwtRefreshSecretConfigured":true,"jwtRefreshSecretValue":"your_super"}
2026-06-08T08:22:47.580Z getJwtSecret {"jwtSecretConfigured":true,"jwtSecretValue":"your_super"}
2026-06-08T08:22:47.585Z getJwtRefreshSecret {"jwtRefreshSecretConfigured":true,"jwtRefreshSecretValue":"your_super"}
2026-06-08T08:24:27.696Z getJwtSecret {"jwtSecretConfigured":true,"jwtSecretValue":"your_super"}
2026-06-08T08:24:27.701Z getJwtRefreshSecret {"jwtRefreshSecretConfigured":true,"jwtRefreshSecretValue":"your_super"}
2026-06-08T08:30:18.411Z jwtUtilLoaded {"jwtSecretConfigured":true,"jwtRefreshSecretConfigured":true}
2026-06-08T08:31:20.495Z getJwtSecret {"jwtSecretConfigured":true,"jwtSecretValue":"your_super"}
2026-06-08T08:31:20.524Z getJwtRefreshSecret {"jwtRefreshSecretConfigured":true,"jwtRefreshSecretValue":"your_super"}
2026-06-08T08:32:55.258Z getJwtSecret {"jwtSecretConfigured":true,"jwtSecretValue":"your_super"}
2026-06-08T08:32:55.263Z getJwtRefreshSecret {"jwtRefreshSecretConfigured":true,"jwtRefreshSecretValue":"your_super"}
2026-06-08T08:33:34.398Z getJwtSecret {"jwtSecretConfigured":true,"jwtSecretValue":"your_super"}
2026-06-08T08:33:34.402Z getJwtRefreshSecret {"jwtRefreshSecretConfigured":true,"jwtRefreshSecretValue":"your_super"}
2026-06-08T08:35:53.898Z jwtUtilLoaded {"jwtSecretConfigured":true,"jwtRefreshSecretConfigured":true}
2026-06-08T08:49:24.230Z jwtUtilLoaded {"jwtSecretConfigured":true,"jwtRefreshSecretConfigured":true}
2026-06-08T08:49:39.070Z getJwtSecret {"jwtSecretConfigured":true,"jwtSecretValue":"your_super"}
2026-06-08T08:49:39.080Z getJwtRefreshSecret {"jwtRefreshSecretConfigured":true,"jwtRefreshSecretValue":"your_super"}
2026-06-08T08:50:46.413Z getJwtSecret {"jwtSecretConfigured":true,"jwtSecretValue":"your_super"}
2026-06-08T08:50:46.420Z getJwtRefreshSecret {"jwtRefreshSecretConfigured":true,"jwtRefreshSecretValue":"your_super"}
>>>>>>> 5697613a6b9f9f2017860aedb93e255de2ca7f69
