2026-06-07T04:32:50.239Z POST /api/v1/auth/login
2026-06-07T04:42:13.544Z POST /api/v1/auth/login
2026-06-07T04:42:14.863Z POST /api/v1/auth/login
2026-06-07T04:42:22.783Z POST /api/v1/auth/login
2026-06-07T04:50:26.519Z POST /api/v1/auth/login
2026-06-07T04:53:59.929Z POST /api/v1/auth/refresh-token
2026-06-07T04:54:02.064Z POST /api/v1/auth/refresh-token
2026-06-07T04:54:18.290Z POST /api/v1/auth/verify-token
2026-06-07T04:54:23.269Z POST /api/v1/auth/refresh-token
2026-06-07T04:54:36.303Z POST /api/v1/auth/login
2026-06-07T04:54:41.895Z POST /api/v1/auth/logout
2026-06-07T04:54:47.257Z POST /api/v1/auth/refresh-token
2026-06-07T04:57:56.231Z POST /api/v1/auth/login
2026-06-07T04:58:07.683Z POST /api/v1/auth/login
2026-06-07T05:04:11.897Z POST /api/v1/auth/login
2026-06-07T19:30:09.131Z GET /api/v1/health
2026-06-07T19:30:39.338Z GET /api/v1/health
2026-06-07T19:31:09.495Z GET /api/v1/health
2026-06-07T19:31:39.615Z GET /api/v1/health
2026-06-07T19:32:09.773Z GET /api/v1/health
2026-06-07T19:32:39.902Z GET /api/v1/health
2026-06-07T19:33:10.006Z GET /api/v1/health
2026-06-07T19:33:40.151Z GET /api/v1/health
2026-06-07T19:34:10.322Z GET /api/v1/health
2026-06-07T19:34:40.455Z GET /api/v1/health
2026-06-07T19:35:10.631Z GET /api/v1/health
2026-06-07T19:35:40.809Z GET /api/v1/health
2026-06-07T19:36:06.645Z POST /api/v1/auth/login
2026-06-07T19:36:10.959Z GET /api/v1/health
2026-06-07T19:36:41.120Z GET /api/v1/health
2026-06-07T19:37:11.286Z GET /api/v1/health
2026-06-07T19:37:41.419Z GET /api/v1/health
2026-06-07T19:38:11.550Z GET /api/v1/health
2026-06-07T19:38:41.710Z GET /api/v1/health
2026-06-07T19:39:11.847Z GET /api/v1/health
2026-06-07T19:39:41.953Z GET /api/v1/health
2026-06-07T19:40:12.172Z GET /api/v1/health
2026-06-07T19:40:42.279Z GET /api/v1/health
2026-06-07T19:41:12.526Z GET /api/v1/health
2026-06-07T19:41:42.679Z GET /api/v1/health
2026-06-07T19:42:12.839Z GET /api/v1/health
2026-06-07T19:42:43.011Z GET /api/v1/health
2026-06-07T19:43:13.141Z GET /api/v1/health
2026-06-07T19:43:27.200Z POST /api/v1/auth/register
2026-06-07T19:43:43.279Z GET /api/v1/health
2026-06-07T19:43:46.529Z POST /api/v1/auth/login
2026-06-07T19:44:13.412Z GET /api/v1/health
2026-06-07T19:44:40.955Z POST /api/v1/auth/login
2026-06-07T19:44:43.560Z GET /api/v1/health
2026-06-07T19:45:13.713Z GET /api/v1/health
2026-06-07T19:45:43.862Z GET /api/v1/health
2026-06-07T19:46:13.995Z GET /api/v1/health
2026-06-07T19:46:44.157Z GET /api/v1/health
2026-06-07T21:31:58.906Z POST /api/v1/auth/login
2026-06-08T09:21:40.647Z POST /api/v1/auth/login
2026-06-08T09:21:44.190Z POST /api/v1/auth/verify-token
2026-06-08T09:22:35.016Z POST /api/v1/auth/login
2026-06-08T15:57:33.212Z GET /api/v1/health
2026-06-08T15:57:33.561Z GET /favicon.ico
2026-06-08T16:01:53.898Z POST /api/v1/auth/login
